<?xml version="1.0" encoding="UTF-8"?>
<!-- Generated by org.testng.reporters.JUnitReportReporter -->
<testsuite hostname="IN-189K1N3" failures="0" tests="1" name="flipkart.testcases.TopOffers" time="0.000" errors="0" timestamp="10 Jan 2023 08:50:54 GMT" skipped="1">
  <testcase classname="flipkart.testcases.TopOffers" name="topOffers" time="0.000">
    <skipped/>
  </testcase> <!-- topOffers -->
</testsuite> <!-- flipkart.testcases.TopOffers -->
