<?xml version="1.0" encoding="UTF-8"?>
<!-- Generated by org.testng.reporters.JUnitReportReporter -->
<testsuite hostname="IN-189K1N3" failures="0" tests="1" name="flipkart.testcases.Advertise" time="11.034" errors="0" timestamp="10 Jan 2023 16:49:44 GMT" skipped="0">
  <testcase classname="flipkart.testcases.Advertise" name="advertise" time="11.034"/>
</testsuite> <!-- flipkart.testcases.Advertise -->
