<?xml version="1.0" encoding="UTF-8"?>
<!-- Generated by org.testng.reporters.JUnitReportReporter -->
<testsuite hostname="IN-189K1N3" failures="0" tests="1" name="flipkart.testcases.FlipkartLoginTest" time="0.692" errors="0" timestamp="04 Jan 2023 07:44:18 GMT" skipped="0">
  <testcase classname="flipkart.testcases.FlipkartLoginTest" name="login" time="0.692"/>
</testsuite> <!-- flipkart.testcases.FlipkartLoginTest -->
