<?xml version="1.0" encoding="UTF-8"?>
<!-- Generated by org.testng.reporters.JUnitReportReporter -->
<testsuite hostname="IN-189K1N3" failures="0" tests="1" name="flipkart.testcases.BecomeSeller" time="19.291" errors="0" timestamp="10 Jan 2023 16:24:56 GMT" skipped="0">
  <testcase classname="flipkart.testcases.BecomeSeller" name="seller" time="19.291"/>
</testsuite> <!-- flipkart.testcases.BecomeSeller -->
