<?xml version="1.0" encoding="UTF-8"?>
<!-- Generated by org.testng.reporters.JUnitReportReporter -->
<testsuite hostname="IN-189K1N3" failures="0" tests="1" name="flipkart.testcases.HelpCenter" time="1.712" errors="0" timestamp="09 Jan 2023 09:53:31 GMT" skipped="0">
  <testcase classname="flipkart.testcases.HelpCenter" name="helpCenter" time="1.712"/>
</testsuite> <!-- flipkart.testcases.HelpCenter -->
