<?xml version="1.0" encoding="UTF-8"?>
<!-- Generated by org.testng.reporters.JUnitReportReporter -->
<testsuite hostname="IN-189K1N3" failures="0" tests="1" name="flipkart.testcases.FlipkartLogin" time="0.624" errors="0" timestamp="10 Jan 2023 08:50:54 GMT" skipped="0">
  <testcase classname="flipkart.testcases.FlipkartLogin" name="login" time="0.624"/>
</testsuite> <!-- flipkart.testcases.FlipkartLogin -->
