<?xml version="1.0" encoding="UTF-8"?>
<!-- Generated by org.testng.reporters.JUnitReportReporter -->
<testsuite hostname="IN-189K1N3" failures="0" tests="1" name="flipkart.testcases.Fashion" time="0.000" errors="0" timestamp="14 Jan 2023 14:43:18 GMT" skipped="1">
  <testcase classname="flipkart.testcases.Fashion" name="fashion" time="0.000">
    <skipped/>
  </testcase> <!-- fashion -->
</testsuite> <!-- flipkart.testcases.Fashion -->
